<?xml version="1.0" encoding="UTF-8"?>
<testsuite xmlns:xsi="http://www.w3.org/2001/XMLSchema-instance" xsi:noNamespaceSchemaLocation="https://maven.apache.org/surefire/maven-surefire-plugin/xsd/surefire-test-report.xsd" version="3.0.2" name="com.smartsched.backend.SmartschedApplicationTests" time="1.701" tests="1" errors="0" skipped="0" failures="0">
  <properties>
    <property name="java.specification.version" value="23"/>
    <property name="sun.jnu.encoding" value="UTF-8"/>
    <property name="java.class.path" value="/Users/pramodravisanka/Documents/Year 3 Semester 2/ITPM/smartsched/backend/target/test-classes:/Users/pramodravisanka/Documents/Year 3 Semester 2/ITPM/smartsched/backend/target/classes:/Users/pramodravisanka/.m2/repository/org/springframework/boot/spring-boot-starter-data-mongodb/3.4.3/spring-boot-starter-data-mongodb-3.4.3.jar:/Users/pramodravisanka/.m2/repository/org/springframework/boot/spring-boot-starter/3.4.3/spring-boot-starter-3.4.3.jar:/Users/pramodravisanka/.m2/repository/org/springframework/boot/spring-boot-starter-logging/3.4.3/spring-boot-starter-logging-3.4.3.jar:/Users/pramodravisanka/.m2/repository/ch/qos/logback/logback-classic/1.5.16/logback-classic-1.5.16.jar:/Users/pramodravisanka/.m2/repository/ch/qos/logback/logback-core/1.5.16/logback-core-1.5.16.jar:/Users/pramodravisanka/.m2/repository/org/apache/logging/log4j/log4j-to-slf4j/2.24.3/log4j-to-slf4j-2.24.3.jar:/Users/pramodravisanka/.m2/repository/org/apache/logging/log4j/log4j-api/2.24.3/log4j-api-2.24.3.jar:/Users/pramodravisanka/.m2/repository/org/slf4j/jul-to-slf4j/2.0.16/jul-to-slf4j-2.0.16.jar:/Users/pramodravisanka/.m2/repository/jakarta/annotation/jakarta.annotation-api/2.1.1/jakarta.annotation-api-2.1.1.jar:/Users/pramodravisanka/.m2/repository/org/yaml/snakeyaml/2.3/snakeyaml-2.3.jar:/Users/pramodravisanka/.m2/repository/org/mongodb/mongodb-driver-sync/5.2.1/mongodb-driver-sync-5.2.1.jar:/Users/pramodravisanka/.m2/repository/org/mongodb/bson/5.2.1/bson-5.2.1.jar:/Users/pramodravisanka/.m2/repository/org/mongodb/mongodb-driver-core/5.2.1/mongodb-driver-core-5.2.1.jar:/Users/pramodravisanka/.m2/repository/org/mongodb/bson-record-codec/5.2.1/bson-record-codec-5.2.1.jar:/Users/pramodravisanka/.m2/repository/org/springframework/data/spring-data-mongodb/4.4.3/spring-data-mongodb-4.4.3.jar:/Users/pramodravisanka/.m2/repository/org/springframework/spring-tx/6.2.3/spring-tx-6.2.3.jar:/Users/pramodravisanka/.m2/repository/org/springframework/spring-context/6.2.3/spring-context-6.2.3.jar:/Users/pramodravisanka/.m2/repository/org/springframework/spring-beans/6.2.3/spring-beans-6.2.3.jar:/Users/pramodravisanka/.m2/repository/org/springframework/spring-expression/6.2.3/spring-expression-6.2.3.jar:/Users/pramodravisanka/.m2/repository/org/springframework/data/spring-data-commons/3.4.3/spring-data-commons-3.4.3.jar:/Users/pramodravisanka/.m2/repository/org/slf4j/slf4j-api/2.0.16/slf4j-api-2.0.16.jar:/Users/pramodravisanka/.m2/repository/org/springframework/boot/spring-boot-starter-security/3.4.3/spring-boot-starter-security-3.4.3.jar:/Users/pramodravisanka/.m2/repository/org/springframework/spring-aop/6.2.3/spring-aop-6.2.3.jar:/Users/pramodravisanka/.m2/repository/org/springframework/security/spring-security-config/6.4.3/spring-security-config-6.4.3.jar:/Users/pramodravisanka/.m2/repository/org/springframework/security/spring-security-web/6.4.3/spring-security-web-6.4.3.jar:/Users/pramodravisanka/.m2/repository/org/springframework/boot/spring-boot-starter-validation/3.4.3/spring-boot-starter-validation-3.4.3.jar:/Users/pramodravisanka/.m2/repository/org/apache/tomcat/embed/tomcat-embed-el/10.1.36/tomcat-embed-el-10.1.36.jar:/Users/pramodravisanka/.m2/repository/org/hibernate/validator/hibernate-validator/8.0.2.Final/hibernate-validator-8.0.2.Final.jar:/Users/pramodravisanka/.m2/repository/jakarta/validation/jakarta.validation-api/3.0.2/jakarta.validation-api-3.0.2.jar:/Users/pramodravisanka/.m2/repository/org/jboss/logging/jboss-logging/3.6.1.Final/jboss-logging-3.6.1.Final.jar:/Users/pramodravisanka/.m2/repository/com/fasterxml/classmate/1.7.0/classmate-1.7.0.jar:/Users/pramodravisanka/.m2/repository/org/springframework/boot/spring-boot-starter-web/3.4.3/spring-boot-starter-web-3.4.3.jar:/Users/pramodravisanka/.m2/repository/org/springframework/boot/spring-boot-starter-json/3.4.3/spring-boot-starter-json-3.4.3.jar:/Users/pramodravisanka/.m2/repository/com/fasterxml/jackson/core/jackson-databind/2.18.2/jackson-databind-2.18.2.jar:/Users/pramodravisanka/.m2/repository/com/fasterxml/jackson/core/jackson-annotations/2.18.2/jackson-annotations-2.18.2.jar:/Users/pramodravisanka/.m2/repository/com/fasterxml/jackson/core/jackson-core/2.18.2/jackson-core-2.18.2.jar:/Users/pramodravisanka/.m2/repository/com/fasterxml/jackson/datatype/jackson-datatype-jdk8/2.18.2/jackson-datatype-jdk8-2.18.2.jar:/Users/pramodravisanka/.m2/repository/com/fasterxml/jackson/datatype/jackson-datatype-jsr310/2.18.2/jackson-datatype-jsr310-2.18.2.jar:/Users/pramodravisanka/.m2/repository/com/fasterxml/jackson/module/jackson-module-parameter-names/2.18.2/jackson-module-parameter-names-2.18.2.jar:/Users/pramodravisanka/.m2/repository/org/springframework/boot/spring-boot-starter-tomcat/3.4.3/spring-boot-starter-tomcat-3.4.3.jar:/Users/pramodravisanka/.m2/repository/org/apache/tomcat/embed/tomcat-embed-core/10.1.36/tomcat-embed-core-10.1.36.jar:/Users/pramodravisanka/.m2/repository/org/apache/tomcat/embed/tomcat-embed-websocket/10.1.36/tomcat-embed-websocket-10.1.36.jar:/Users/pramodravisanka/.m2/repository/org/springframework/spring-web/6.2.3/spring-web-6.2.3.jar:/Users/pramodravisanka/.m2/repository/io/micrometer/micrometer-observation/1.14.4/micrometer-observation-1.14.4.jar:/Users/pramodravisanka/.m2/repository/io/micrometer/micrometer-commons/1.14.4/micrometer-commons-1.14.4.jar:/Users/pramodravisanka/.m2/repository/org/springframework/spring-webmvc/6.2.3/spring-webmvc-6.2.3.jar:/Users/pramodravisanka/.m2/repository/org/springframework/boot/spring-boot-devtools/3.4.3/spring-boot-devtools-3.4.3.jar:/Users/pramodravisanka/.m2/repository/org/springframework/boot/spring-boot/3.4.3/spring-boot-3.4.3.jar:/Users/pramodravisanka/.m2/repository/org/springframework/boot/spring-boot-autoconfigure/3.4.3/spring-boot-autoconfigure-3.4.3.jar:/Users/pramodravisanka/.m2/repository/org/projectlombok/lombok/1.18.36/lombok-1.18.36.jar:/Users/pramodravisanka/.m2/repository/org/springframework/boot/spring-boot-starter-test/3.4.3/spring-boot-starter-test-3.4.3.jar:/Users/pramodravisanka/.m2/repository/org/springframework/boot/spring-boot-test/3.4.3/spring-boot-test-3.4.3.jar:/Users/pramodravisanka/.m2/repository/org/springframework/boot/spring-boot-test-autoconfigure/3.4.3/spring-boot-test-autoconfigure-3.4.3.jar:/Users/pramodravisanka/.m2/repository/com/jayway/jsonpath/json-path/2.9.0/json-path-2.9.0.jar:/Users/pramodravisanka/.m2/repository/jakarta/xml/bind/jakarta.xml.bind-api/4.0.2/jakarta.xml.bind-api-4.0.2.jar:/Users/pramodravisanka/.m2/repository/jakarta/activation/jakarta.activation-api/2.1.3/jakarta.activation-api-2.1.3.jar:/Users/pramodravisanka/.m2/repository/net/minidev/json-smart/2.5.2/json-smart-2.5.2.jar:/Users/pramodravisanka/.m2/repository/net/minidev/accessors-smart/2.5.2/accessors-smart-2.5.2.jar:/Users/pramodravisanka/.m2/repository/org/ow2/asm/asm/9.7.1/asm-9.7.1.jar:/Users/pramodravisanka/.m2/repository/org/assertj/assertj-core/3.26.3/assertj-core-3.26.3.jar:/Users/pramodravisanka/.m2/repository/net/bytebuddy/byte-buddy/1.15.11/byte-buddy-1.15.11.jar:/Users/pramodravisanka/.m2/repository/org/awaitility/awaitility/4.2.2/awaitility-4.2.2.jar:/Users/pramodravisanka/.m2/repository/org/hamcrest/hamcrest/2.2/hamcrest-2.2.jar:/Users/pramodravisanka/.m2/repository/org/junit/jupiter/junit-jupiter/5.11.4/junit-jupiter-5.11.4.jar:/Users/pramodravisanka/.m2/repository/org/junit/jupiter/junit-jupiter-api/5.11.4/junit-jupiter-api-5.11.4.jar:/Users/pramodravisanka/.m2/repository/org/opentest4j/opentest4j/1.3.0/opentest4j-1.3.0.jar:/Users/pramodravisanka/.m2/repository/org/junit/platform/junit-platform-commons/1.11.4/junit-platform-commons-1.11.4.jar:/Users/pramodravisanka/.m2/repository/org/apiguardian/apiguardian-api/1.1.2/apiguardian-api-1.1.2.jar:/Users/pramodravisanka/.m2/repository/org/junit/jupiter/junit-jupiter-params/5.11.4/junit-jupiter-params-5.11.4.jar:/Users/pramodravisanka/.m2/repository/org/junit/jupiter/junit-jupiter-engine/5.11.4/junit-jupiter-engine-5.11.4.jar:/Users/pramodravisanka/.m2/repository/org/junit/platform/junit-platform-engine/1.11.4/junit-platform-engine-1.11.4.jar:/Users/pramodravisanka/.m2/repository/org/mockito/mockito-core/5.14.2/mockito-core-5.14.2.jar:/Users/pramodravisanka/.m2/repository/net/bytebuddy/byte-buddy-agent/1.15.11/byte-buddy-agent-1.15.11.jar:/Users/pramodravisanka/.m2/repository/org/objenesis/objenesis/3.3/objenesis-3.3.jar:/Users/pramodravisanka/.m2/repository/org/mockito/mockito-junit-jupiter/5.14.2/mockito-junit-jupiter-5.14.2.jar:/Users/pramodravisanka/.m2/repository/org/skyscreamer/jsonassert/1.5.3/jsonassert-1.5.3.jar:/Users/pramodravisanka/.m2/repository/com/vaadin/external/google/android-json/0.0.20131108.vaadin1/android-json-0.0.20131108.vaadin1.jar:/Users/pramodravisanka/.m2/repository/org/springframework/spring-core/6.2.3/spring-core-6.2.3.jar:/Users/pramodravisanka/.m2/repository/org/springframework/spring-jcl/6.2.3/spring-jcl-6.2.3.jar:/Users/pramodravisanka/.m2/repository/org/springframework/spring-test/6.2.3/spring-test-6.2.3.jar:/Users/pramodravisanka/.m2/repository/org/xmlunit/xmlunit-core/2.10.0/xmlunit-core-2.10.0.jar:/Users/pramodravisanka/.m2/repository/org/springframework/security/spring-security-test/6.4.3/spring-security-test-6.4.3.jar:/Users/pramodravisanka/.m2/repository/org/springframework/security/spring-security-core/6.4.3/spring-security-core-6.4.3.jar:/Users/pramodravisanka/.m2/repository/org/springframework/security/spring-security-crypto/6.4.3/spring-security-crypto-6.4.3.jar:"/>
    <property name="java.vm.vendor" value="Homebrew"/>
    <property name="sun.arch.data.model" value="64"/>
    <property name="java.vendor.url" value="https://github.com/Homebrew/homebrew-core/issues"/>
    <property name="user.timezone" value="Asia/Colombo"/>
    <property name="org.jboss.logging.provider" value="slf4j"/>
    <property name="os.name" value="Mac OS X"/>
    <property name="java.vm.specification.version" value="23"/>
    <property name="APPLICATION_NAME" value="smartsched"/>
    <property name="sun.java.launcher" value="SUN_STANDARD"/>
    <property name="user.country" value="LK"/>
    <property name="sun.boot.library.path" value="/opt/homebrew/Cellar/openjdk/23.0.2/libexec/openjdk.jdk/Contents/Home/lib"/>
    <property name="sun.java.command" value="/Users/pramodravisanka/Documents/Year 3 Semester 2/ITPM/smartsched/backend/target/surefire/surefirebooter-20250313222546174_3.jar /Users/pramodravisanka/Documents/Year 3 Semester 2/ITPM/smartsched/backend/target/surefire 2025-03-13T22-25-46_138-jvmRun1 surefire-20250313222546174_1tmp surefire_0-20250313222546174_2tmp"/>
    <property name="http.nonProxyHosts" value="local|*.local|169.254/16|*.169.254/16"/>
    <property name="jdk.debug" value="release"/>
    <property name="surefire.test.class.path" value="/Users/pramodravisanka/Documents/Year 3 Semester 2/ITPM/smartsched/backend/target/test-classes:/Users/pramodravisanka/Documents/Year 3 Semester 2/ITPM/smartsched/backend/target/classes:/Users/pramodravisanka/.m2/repository/org/springframework/boot/spring-boot-starter-data-mongodb/3.4.3/spring-boot-starter-data-mongodb-3.4.3.jar:/Users/pramodravisanka/.m2/repository/org/springframework/boot/spring-boot-starter/3.4.3/spring-boot-starter-3.4.3.jar:/Users/pramodravisanka/.m2/repository/org/springframework/boot/spring-boot-starter-logging/3.4.3/spring-boot-starter-logging-3.4.3.jar:/Users/pramodravisanka/.m2/repository/ch/qos/logback/logback-classic/1.5.16/logback-classic-1.5.16.jar:/Users/pramodravisanka/.m2/repository/ch/qos/logback/logback-core/1.5.16/logback-core-1.5.16.jar:/Users/pramodravisanka/.m2/repository/org/apache/logging/log4j/log4j-to-slf4j/2.24.3/log4j-to-slf4j-2.24.3.jar:/Users/pramodravisanka/.m2/repository/org/apache/logging/log4j/log4j-api/2.24.3/log4j-api-2.24.3.jar:/Users/pramodravisanka/.m2/repository/org/slf4j/jul-to-slf4j/2.0.16/jul-to-slf4j-2.0.16.jar:/Users/pramodravisanka/.m2/repository/jakarta/annotation/jakarta.annotation-api/2.1.1/jakarta.annotation-api-2.1.1.jar:/Users/pramodravisanka/.m2/repository/org/yaml/snakeyaml/2.3/snakeyaml-2.3.jar:/Users/pramodravisanka/.m2/repository/org/mongodb/mongodb-driver-sync/5.2.1/mongodb-driver-sync-5.2.1.jar:/Users/pramodravisanka/.m2/repository/org/mongodb/bson/5.2.1/bson-5.2.1.jar:/Users/pramodravisanka/.m2/repository/org/mongodb/mongodb-driver-core/5.2.1/mongodb-driver-core-5.2.1.jar:/Users/pramodravisanka/.m2/repository/org/mongodb/bson-record-codec/5.2.1/bson-record-codec-5.2.1.jar:/Users/pramodravisanka/.m2/repository/org/springframework/data/spring-data-mongodb/4.4.3/spring-data-mongodb-4.4.3.jar:/Users/pramodravisanka/.m2/repository/org/springframework/spring-tx/6.2.3/spring-tx-6.2.3.jar:/Users/pramodravisanka/.m2/repository/org/springframework/spring-context/6.2.3/spring-context-6.2.3.jar:/Users/pramodravisanka/.m2/repository/org/springframework/spring-beans/6.2.3/spring-beans-6.2.3.jar:/Users/pramodravisanka/.m2/repository/org/springframework/spring-expression/6.2.3/spring-expression-6.2.3.jar:/Users/pramodravisanka/.m2/repository/org/springframework/data/spring-data-commons/3.4.3/spring-data-commons-3.4.3.jar:/Users/pramodravisanka/.m2/repository/org/slf4j/slf4j-api/2.0.16/slf4j-api-2.0.16.jar:/Users/pramodravisanka/.m2/repository/org/springframework/boot/spring-boot-starter-security/3.4.3/spring-boot-starter-security-3.4.3.jar:/Users/pramodravisanka/.m2/repository/org/springframework/spring-aop/6.2.3/spring-aop-6.2.3.jar:/Users/pramodravisanka/.m2/repository/org/springframework/security/spring-security-config/6.4.3/spring-security-config-6.4.3.jar:/Users/pramodravisanka/.m2/repository/org/springframework/security/spring-security-web/6.4.3/spring-security-web-6.4.3.jar:/Users/pramodravisanka/.m2/repository/org/springframework/boot/spring-boot-starter-validation/3.4.3/spring-boot-starter-validation-3.4.3.jar:/Users/pramodravisanka/.m2/repository/org/apache/tomcat/embed/tomcat-embed-el/10.1.36/tomcat-embed-el-10.1.36.jar:/Users/pramodravisanka/.m2/repository/org/hibernate/validator/hibernate-validator/8.0.2.Final/hibernate-validator-8.0.2.Final.jar:/Users/pramodravisanka/.m2/repository/jakarta/validation/jakarta.validation-api/3.0.2/jakarta.validation-api-3.0.2.jar:/Users/pramodravisanka/.m2/repository/org/jboss/logging/jboss-logging/3.6.1.Final/jboss-logging-3.6.1.Final.jar:/Users/pramodravisanka/.m2/repository/com/fasterxml/classmate/1.7.0/classmate-1.7.0.jar:/Users/pramodravisanka/.m2/repository/org/springframework/boot/spring-boot-starter-web/3.4.3/spring-boot-starter-web-3.4.3.jar:/Users/pramodravisanka/.m2/repository/org/springframework/boot/spring-boot-starter-json/3.4.3/spring-boot-starter-json-3.4.3.jar:/Users/pramodravisanka/.m2/repository/com/fasterxml/jackson/core/jackson-databind/2.18.2/jackson-databind-2.18.2.jar:/Users/pramodravisanka/.m2/repository/com/fasterxml/jackson/core/jackson-annotations/2.18.2/jackson-annotations-2.18.2.jar:/Users/pramodravisanka/.m2/repository/com/fasterxml/jackson/core/jackson-core/2.18.2/jackson-core-2.18.2.jar:/Users/pramodravisanka/.m2/repository/com/fasterxml/jackson/datatype/jackson-datatype-jdk8/2.18.2/jackson-datatype-jdk8-2.18.2.jar:/Users/pramodravisanka/.m2/repository/com/fasterxml/jackson/datatype/jackson-datatype-jsr310/2.18.2/jackson-datatype-jsr310-2.18.2.jar:/Users/pramodravisanka/.m2/repository/com/fasterxml/jackson/module/jackson-module-parameter-names/2.18.2/jackson-module-parameter-names-2.18.2.jar:/Users/pramodravisanka/.m2/repository/org/springframework/boot/spring-boot-starter-tomcat/3.4.3/spring-boot-starter-tomcat-3.4.3.jar:/Users/pramodravisanka/.m2/repository/org/apache/tomcat/embed/tomcat-embed-core/10.1.36/tomcat-embed-core-10.1.36.jar:/Users/pramodravisanka/.m2/repository/org/apache/tomcat/embed/tomcat-embed-websocket/10.1.36/tomcat-embed-websocket-10.1.36.jar:/Users/pramodravisanka/.m2/repository/org/springframework/spring-web/6.2.3/spring-web-6.2.3.jar:/Users/pramodravisanka/.m2/repository/io/micrometer/micrometer-observation/1.14.4/micrometer-observation-1.14.4.jar:/Users/pramodravisanka/.m2/repository/io/micrometer/micrometer-commons/1.14.4/micrometer-commons-1.14.4.jar:/Users/pramodravisanka/.m2/repository/org/springframework/spring-webmvc/6.2.3/spring-webmvc-6.2.3.jar:/Users/pramodravisanka/.m2/repository/org/springframework/boot/spring-boot-devtools/3.4.3/spring-boot-devtools-3.4.3.jar:/Users/pramodravisanka/.m2/repository/org/springframework/boot/spring-boot/3.4.3/spring-boot-3.4.3.jar:/Users/pramodravisanka/.m2/repository/org/springframework/boot/spring-boot-autoconfigure/3.4.3/spring-boot-autoconfigure-3.4.3.jar:/Users/pramodravisanka/.m2/repository/org/projectlombok/lombok/1.18.36/lombok-1.18.36.jar:/Users/pramodravisanka/.m2/repository/org/springframework/boot/spring-boot-starter-test/3.4.3/spring-boot-starter-test-3.4.3.jar:/Users/pramodravisanka/.m2/repository/org/springframework/boot/spring-boot-test/3.4.3/spring-boot-test-3.4.3.jar:/Users/pramodravisanka/.m2/repository/org/springframework/boot/spring-boot-test-autoconfigure/3.4.3/spring-boot-test-autoconfigure-3.4.3.jar:/Users/pramodravisanka/.m2/repository/com/jayway/jsonpath/json-path/2.9.0/json-path-2.9.0.jar:/Users/pramodravisanka/.m2/repository/jakarta/xml/bind/jakarta.xml.bind-api/4.0.2/jakarta.xml.bind-api-4.0.2.jar:/Users/pramodravisanka/.m2/repository/jakarta/activation/jakarta.activation-api/2.1.3/jakarta.activation-api-2.1.3.jar:/Users/pramodravisanka/.m2/repository/net/minidev/json-smart/2.5.2/json-smart-2.5.2.jar:/Users/pramodravisanka/.m2/repository/net/minidev/accessors-smart/2.5.2/accessors-smart-2.5.2.jar:/Users/pramodravisanka/.m2/repository/org/ow2/asm/asm/9.7.1/asm-9.7.1.jar:/Users/pramodravisanka/.m2/repository/org/assertj/assertj-core/3.26.3/assertj-core-3.26.3.jar:/Users/pramodravisanka/.m2/repository/net/bytebuddy/byte-buddy/1.15.11/byte-buddy-1.15.11.jar:/Users/pramodravisanka/.m2/repository/org/awaitility/awaitility/4.2.2/awaitility-4.2.2.jar:/Users/pramodravisanka/.m2/repository/org/hamcrest/hamcrest/2.2/hamcrest-2.2.jar:/Users/pramodravisanka/.m2/repository/org/junit/jupiter/junit-jupiter/5.11.4/junit-jupiter-5.11.4.jar:/Users/pramodravisanka/.m2/repository/org/junit/jupiter/junit-jupiter-api/5.11.4/junit-jupiter-api-5.11.4.jar:/Users/pramodravisanka/.m2/repository/org/opentest4j/opentest4j/1.3.0/opentest4j-1.3.0.jar:/Users/pramodravisanka/.m2/repository/org/junit/platform/junit-platform-commons/1.11.4/junit-platform-commons-1.11.4.jar:/Users/pramodravisanka/.m2/repository/org/apiguardian/apiguardian-api/1.1.2/apiguardian-api-1.1.2.jar:/Users/pramodravisanka/.m2/repository/org/junit/jupiter/junit-jupiter-params/5.11.4/junit-jupiter-params-5.11.4.jar:/Users/pramodravisanka/.m2/repository/org/junit/jupiter/junit-jupiter-engine/5.11.4/junit-jupiter-engine-5.11.4.jar:/Users/pramodravisanka/.m2/repository/org/junit/platform/junit-platform-engine/1.11.4/junit-platform-engine-1.11.4.jar:/Users/pramodravisanka/.m2/repository/org/mockito/mockito-core/5.14.2/mockito-core-5.14.2.jar:/Users/pramodravisanka/.m2/repository/net/bytebuddy/byte-buddy-agent/1.15.11/byte-buddy-agent-1.15.11.jar:/Users/pramodravisanka/.m2/repository/org/objenesis/objenesis/3.3/objenesis-3.3.jar:/Users/pramodravisanka/.m2/repository/org/mockito/mockito-junit-jupiter/5.14.2/mockito-junit-jupiter-5.14.2.jar:/Users/pramodravisanka/.m2/repository/org/skyscreamer/jsonassert/1.5.3/jsonassert-1.5.3.jar:/Users/pramodravisanka/.m2/repository/com/vaadin/external/google/android-json/0.0.20131108.vaadin1/android-json-0.0.20131108.vaadin1.jar:/Users/pramodravisanka/.m2/repository/org/springframework/spring-core/6.2.3/spring-core-6.2.3.jar:/Users/pramodravisanka/.m2/repository/org/springframework/spring-jcl/6.2.3/spring-jcl-6.2.3.jar:/Users/pramodravisanka/.m2/repository/org/springframework/spring-test/6.2.3/spring-test-6.2.3.jar:/Users/pramodravisanka/.m2/repository/org/xmlunit/xmlunit-core/2.10.0/xmlunit-core-2.10.0.jar:/Users/pramodravisanka/.m2/repository/org/springframework/security/spring-security-test/6.4.3/spring-security-test-6.4.3.jar:/Users/pramodravisanka/.m2/repository/org/springframework/security/spring-security-core/6.4.3/spring-security-core-6.4.3.jar:/Users/pramodravisanka/.m2/repository/org/springframework/security/spring-security-crypto/6.4.3/spring-security-crypto-6.4.3.jar:"/>
    <property name="sun.cpu.endian" value="little"/>
    <property name="user.home" value="/Users/pramodravisanka"/>
    <property name="user.language" value="en"/>
    <property name="java.specification.vendor" value="Oracle Corporation"/>
    <property name="java.version.date" value="2025-01-21"/>
    <property name="java.home" value="/opt/homebrew/Cellar/openjdk/23.0.2/libexec/openjdk.jdk/Contents/Home"/>
    <property name="file.separator" value="/"/>
    <property name="basedir" value="/Users/pramodravisanka/Documents/Year 3 Semester 2/ITPM/smartsched/backend"/>
    <property name="java.vm.compressedOopsMode" value="Zero based"/>
    <property name="line.separator" value="&#10;"/>
    <property name="java.vm.specification.vendor" value="Oracle Corporation"/>
    <property name="java.specification.name" value="Java Platform API Specification"/>
    <property name="FILE_LOG_CHARSET" value="UTF-8"/>
    <property name="java.awt.headless" value="true"/>
    <property name="apple.awt.application.name" value="ForkedBooter"/>
    <property name="surefire.real.class.path" value="/Users/pramodravisanka/Documents/Year 3 Semester 2/ITPM/smartsched/backend/target/surefire/surefirebooter-20250313222546174_3.jar"/>
    <property name="sun.management.compiler" value="HotSpot 64-Bit Tiered Compilers"/>
    <property name="ftp.nonProxyHosts" value="local|*.local|169.254/16|*.169.254/16"/>
    <property name="java.runtime.version" value="23.0.2"/>
    <property name="user.name" value="pramodravisanka"/>
    <property name="stdout.encoding" value="UTF-8"/>
    <property name="path.separator" value=":"/>
    <property name="os.version" value="15.2"/>
    <property name="java.runtime.name" value="OpenJDK Runtime Environment"/>
    <property name="file.encoding" value="UTF-8"/>
    <property name="java.vm.name" value="OpenJDK 64-Bit Server VM"/>
    <property name="java.vendor.version" value="Homebrew"/>
    <property name="localRepository" value="/Users/pramodravisanka/.m2/repository"/>
    <property name="java.vendor.url.bug" value="https://github.com/Homebrew/homebrew-core/issues"/>
    <property name="java.io.tmpdir" value="/var/folders/xb/0klgsqp13w93ly521qtlpz3r0000gn/T/"/>
    <property name="java.version" value="23.0.2"/>
    <property name="user.dir" value="/Users/pramodravisanka/Documents/Year 3 Semester 2/ITPM/smartsched/backend"/>
    <property name="os.arch" value="aarch64"/>
    <property name="java.vm.specification.name" value="Java Virtual Machine Specification"/>
    <property name="PID" value="16427"/>
    <property name="CONSOLE_LOG_CHARSET" value="UTF-8"/>
    <property name="native.encoding" value="UTF-8"/>
    <property name="java.library.path" value="/Users/pramodravisanka/Library/Java/Extensions:/Library/Java/Extensions:/Network/Library/Java/Extensions:/System/Library/Java/Extensions:/usr/lib/java:."/>
    <property name="java.vm.info" value="mixed mode, sharing"/>
    <property name="stderr.encoding" value="UTF-8"/>
    <property name="java.vendor" value="Homebrew"/>
    <property name="java.vm.version" value="23.0.2"/>
    <property name="sun.io.unicode.encoding" value="UnicodeBig"/>
    <property name="socksNonProxyHosts" value="local|*.local|169.254/16|*.169.254/16"/>
    <property name="java.class.version" value="67.0"/>
    <property name="LOGGED_APPLICATION_NAME" value="[smartsched] "/>
  </properties>
  <testcase name="contextLoads" classname="com.smartsched.backend.SmartschedApplicationTests" time="0.463">
    <system-out><![CDATA[22:25:46.516 [main] INFO org.springframework.test.context.support.AnnotationConfigContextLoaderUtils -- Could not detect default configuration classes for test class [com.smartsched.backend.SmartschedApplicationTests]: SmartschedApplicationTests does not declare any static, non-private, non-final, nested classes annotated with @Configuration.
22:25:46.564 [main] INFO org.springframework.boot.test.context.SpringBootTestContextBootstrapper -- Found @SpringBootConfiguration com.smartsched.SmartschedApplication for test class com.smartsched.backend.SmartschedApplicationTests
22:25:46.633 [main] INFO org.springframework.boot.devtools.restart.RestartApplicationListener -- Restart disabled due to context in which it is running

  .   ____          _            __ _ _
 /\\ / ___'_ __ _ _(_)_ __  __ _ \ \ \ \
( ( )\___ | '_ | '_| | '_ \/ _` | \ \ \ \
 \\/  ___)| |_)| | | | | || (_| |  ) ) ) )
  '  |____| .__|_| |_|_| |_\__, | / / / /
 =========|_|==============|___/=/_/_/_/

 :: Spring Boot ::                (v3.4.3)

2025-03-13T22:25:46.737+05:30  INFO 16427 --- [smartsched] [           main] c.s.backend.SmartschedApplicationTests   : Starting SmartschedApplicationTests using Java 23.0.2 with PID 16427 (started by pramodravisanka in /Users/pramodravisanka/Documents/Year 3 Semester 2/ITPM/smartsched/backend)
2025-03-13T22:25:46.738+05:30  INFO 16427 --- [smartsched] [           main] c.s.backend.SmartschedApplicationTests   : No active profile set, falling back to 1 default profile: "default"
2025-03-13T22:25:46.918+05:30  INFO 16427 --- [smartsched] [           main] .s.d.r.c.RepositoryConfigurationDelegate : Bootstrapping Spring Data MongoDB repositories in DEFAULT mode.
2025-03-13T22:25:46.936+05:30  INFO 16427 --- [smartsched] [           main] .s.d.r.c.RepositoryConfigurationDelegate : Finished Spring Data repository scanning in 15 ms. Found 1 MongoDB repository interface.
2025-03-13T22:25:47.147+05:30  WARN 16427 --- [smartsched] [           main] .s.s.UserDetailsServiceAutoConfiguration : 

Using generated security password: e0dedeaa-3b87-4640-a21a-4f3f10010ed7

This generated password is for development use only. Your security configuration must be updated before running your application in production.

2025-03-13T22:25:47.159+05:30  INFO 16427 --- [smartsched] [           main] r$InitializeUserDetailsManagerConfigurer : Global AuthenticationManager configured with UserDetailsService bean with name inMemoryUserDetailsManager
2025-03-13T22:25:47.336+05:30  INFO 16427 --- [smartsched] [           main] org.mongodb.driver.client                : MongoClient with metadata {"application": {"name": "Cluster1"}, "driver": {"name": "mongo-java-driver|sync|spring-boot", "version": "5.2.1"}, "os": {"type": "Darwin", "name": "Mac OS X", "architecture": "aarch64", "version": "15.2"}, "platform": "Java/Homebrew/23.0.2"} created with settings MongoClientSettings{readPreference=primary, writeConcern=WriteConcern{w=majority, wTimeout=null ms, journal=null}, retryWrites=true, retryReads=true, readConcern=ReadConcern{level=null}, credential=MongoCredential{mechanism=null, userName='pramod', source='admin', password=<hidden>, mechanismProperties=<hidden>}, transportSettings=null, commandListeners=[], codecRegistry=ProvidersCodecRegistry{codecProviders=[ValueCodecProvider{}, BsonValueCodecProvider{}, DBRefCodecProvider{}, DBObjectCodecProvider{}, DocumentCodecProvider{}, CollectionCodecProvider{}, IterableCodecProvider{}, MapCodecProvider{}, GeoJsonCodecProvider{}, GridFSFileCodecProvider{}, Jsr310CodecProvider{}, JsonObjectCodecProvider{}, BsonCodecProvider{}, EnumCodecProvider{}, com.mongodb.client.model.mql.ExpressionCodecProvider@510689af, com.mongodb.Jep395RecordCodecProvider@2415e4c7, com.mongodb.KotlinCodecProvider@72ce812e]}, loggerSettings=LoggerSettings{maxDocumentLength=1000}, clusterSettings={hosts=[127.0.0.1:27017], srvHost=cluster1.kn3kh.mongodb.net, srvServiceName=mongodb, mode=MULTIPLE, requiredClusterType=REPLICA_SET, requiredReplicaSetName='atlas-xgbv08-shard-0', serverSelector='null', clusterListeners='[]', serverSelectionTimeout='30000 ms', localThreshold='15 ms'}, socketSettings=SocketSettings{connectTimeoutMS=10000, readTimeoutMS=0, receiveBufferSize=0, proxySettings=ProxySettings{host=null, port=null, username=null, password=null}}, heartbeatSocketSettings=SocketSettings{connectTimeoutMS=10000, readTimeoutMS=10000, receiveBufferSize=0, proxySettings=ProxySettings{host=null, port=null, username=null, password=null}}, connectionPoolSettings=ConnectionPoolSettings{maxSize=100, minSize=0, maxWaitTimeMS=120000, maxConnectionLifeTimeMS=0, maxConnectionIdleTimeMS=0, maintenanceInitialDelayMS=0, maintenanceFrequencyMS=60000, connectionPoolListeners=[], maxConnecting=2}, serverSettings=ServerSettings{heartbeatFrequencyMS=10000, minHeartbeatFrequencyMS=500, serverMonitoringMode=AUTO, serverListeners='[]', serverMonitorListeners='[]'}, sslSettings=SslSettings{enabled=true, invalidHostNameAllowed=false, context=null}, applicationName='Cluster1', compressorList=[], uuidRepresentation=JAVA_LEGACY, serverApi=null, autoEncryptionSettings=null, dnsClient=null, inetAddressResolver=null, contextProvider=null, timeoutMS=null}
2025-03-13T22:25:47.409+05:30  INFO 16427 --- [smartsched] [3kh.mongodb.net] org.mongodb.driver.cluster               : Adding discovered server cluster1-shard-00-00.kn3kh.mongodb.net:27017 to client view of cluster
2025-03-13T22:25:47.420+05:30  INFO 16427 --- [smartsched] [3kh.mongodb.net] org.mongodb.driver.cluster               : Adding discovered server cluster1-shard-00-02.kn3kh.mongodb.net:27017 to client view of cluster
2025-03-13T22:25:47.421+05:30  INFO 16427 --- [smartsched] [3kh.mongodb.net] org.mongodb.driver.cluster               : Adding discovered server cluster1-shard-00-01.kn3kh.mongodb.net:27017 to client view of cluster
2025-03-13T22:25:47.670+05:30  INFO 16427 --- [smartsched] [           main] c.s.backend.SmartschedApplicationTests   : Started SmartschedApplicationTests in 1.041 seconds (process running for 1.442)
]]></system-out>
    <system-err><![CDATA[Mockito is currently self-attaching to enable the inline-mock-maker. This will no longer work in future releases of the JDK. Please add Mockito as an agent to your build what is described in Mockito's documentation: https://javadoc.io/doc/org.mockito/mockito-core/latest/org/mockito/Mockito.html#0.3
WARNING: A Java agent has been loaded dynamically (/Users/pramodravisanka/.m2/repository/net/bytebuddy/byte-buddy-agent/1.15.11/byte-buddy-agent-1.15.11.jar)
WARNING: If a serviceability tool is in use, please run with -XX:+EnableDynamicAgentLoading to hide this warning
WARNING: If a serviceability tool is not in use, please run with -Djdk.instrument.traceUsage for more information
WARNING: Dynamic loading of agents will be disallowed by default in a future release
]]></system-err>
  </testcase>
</testsuite>